<?xml version="1.0" encoding="UTF-8"?>
<!-- Generated by org.testng.reporters.JUnitReportReporter -->
<testsuite hostname="Lenovo" failures="0" tests="1" name="com.arun.TC_Login" time="133.356" errors="0" timestamp="2023-07-04T02:11:57 IST" skipped="0">
  <testcase classname="com.arun.TC_Login" name="login_Test" time="133.356"/>
  <system-out/>
</testsuite> <!-- com.arun.TC_Login -->
