<?xml version="1.0" encoding="UTF-8"?>
<!-- Generated by org.testng.reporters.JUnitReportReporter -->
<testsuite hostname="Lenovo" failures="0" tests="2" name="com.arun.AppTest" time="0.107" errors="0" timestamp="2023-07-04T02:11:57 IST" skipped="0">
  <testcase classname="com.arun.AppTest" name="testlogin1" time="0.103"/>
  <system-out/>
  <testcase classname="com.arun.AppTest" name="testlogin2" time="0.004"/>
  <system-out/>
</testsuite> <!-- com.arun.AppTest -->
